<?xml version="1.0" encoding="UTF-8"?>
<!-- Generated by org.testng.reporters.JUnitReportReporter -->
<testsuite hostname="Dhinesh" failures="0" tests="6" name="com.tests.LoginTest" time="15.538" errors="0" timestamp="2024-03-02T15:13:02 IST" skipped="0">
  <testcase classname="com.tests.LoginTest" name="TC_LP_06" time="3.612"/>
  <system-out/>
  <testcase classname="com.tests.LoginTest" name="TC_LP_03" time="2.120"/>
  <system-out/>
  <testcase classname="com.tests.LoginTest" name="TC_LP_02" time="2.189"/>
  <system-out/>
  <testcase classname="com.tests.LoginTest" name="TC_LP_05" time="2.697"/>
  <system-out/>
  <testcase classname="com.tests.LoginTest" name="TC_LP_04" time="2.886"/>
  <system-out/>
  <testcase classname="com.tests.LoginTest" name="TC_LP_01" time="2.034"/>
  <system-out/>
</testsuite> <!-- com.tests.LoginTest -->
