<?xml version="1.0" encoding="UTF-8"?>
<!-- Generated by org.testng.reporters.JUnitReportReporter -->
<testsuite hostname="Dhinesh" failures="0" tests="5" name="com.tests.ForgotPasswordTest" time="19.654" errors="0" timestamp="2024-03-02T18:30:59 IST" skipped="0">
  <testcase classname="com.tests.ForgotPasswordTest" name="TC_FPP_04" time="3.614"/>
  <system-out/>
  <testcase classname="com.tests.ForgotPasswordTest" name="TC_FPP_03" time="3.808"/>
  <system-out/>
  <testcase classname="com.tests.ForgotPasswordTest" name="TC_FPP_05" time="3.679"/>
  <system-out/>
  <testcase classname="com.tests.ForgotPasswordTest" name="TC_FPP_01" time="3.524"/>
  <system-out/>
  <testcase classname="com.tests.ForgotPasswordTest" name="TC_FPP_02" time="5.029"/>
  <system-out/>
</testsuite> <!-- com.tests.ForgotPasswordTest -->
