<?xml version="1.0" encoding="UTF-8"?>
<!-- Generated by org.testng.reporters.JUnitReportReporter -->
<testsuite hostname="Dhinesh" failures="0" tests="8" name="com.tests.RegistrationTest" time="96.357" errors="0" timestamp="2024-03-02T17:29:10 IST" skipped="0">
  <testcase classname="com.tests.RegistrationTest" name="TC_RP_03" time="10.282"/>
  <system-out/>
  <testcase classname="com.tests.RegistrationTest" name="TC_RP_06" time="24.809"/>
  <system-out/>
  <testcase classname="com.tests.RegistrationTest" name="TC_RP_08" time="16.643"/>
  <system-out/>
  <testcase classname="com.tests.RegistrationTest" name="TC_RP_07" time="17.768"/>
  <system-out/>
  <testcase classname="com.tests.RegistrationTest" name="TC_RP_01" time="5.597"/>
  <system-out/>
  <testcase classname="com.tests.RegistrationTest" name="TC_RP_05" time="10.160"/>
  <system-out/>
  <testcase classname="com.tests.RegistrationTest" name="TC_RP_02" time="5.896"/>
  <system-out/>
  <testcase classname="com.tests.RegistrationTest" name="TC_RP_04" time="5.202"/>
  <system-out/>
</testsuite> <!-- com.tests.RegistrationTest -->
